e:\program\simulator\simulator\release\vc141.pdb
e:\program\simulator\simulator\release\testfuc.obj
e:\program\simulator\simulator\release\routing.obj
e:\program\simulator\simulator\release\q2dtorusnode.obj
e:\program\simulator\simulator\release\q2dtorus.obj
e:\program\simulator\simulator\release\main.obj
e:\program\simulator\simulator\release\event.obj
e:\program\simulator\simulator\release\routing2.obj
e:\program\simulator\release\simulator.exe
e:\program\simulator\release\simulator.pdb
e:\program\simulator\release\simulator.ipdb
e:\program\simulator\release\simulator.iobj
c:\users\tomoki\onedrive\homework\simulator\simulator\release\event.obj
c:\users\tomoki\onedrive\homework\simulator\simulator\release\main.obj
c:\users\tomoki\onedrive\homework\simulator\simulator\release\q2dtorus.obj
c:\users\tomoki\onedrive\homework\simulator\simulator\release\q2dtorusnode.obj
c:\users\tomoki\onedrive\homework\simulator\simulator\release\routing.obj
c:\users\tomoki\onedrive\homework\simulator\simulator\release\routing2.obj
c:\users\tomoki\onedrive\homework\simulator\simulator\release\testfuc.obj
c:\users\tomoki\onedrive\homework\simulator\simulator\release\vc141.pdb
c:\users\tomoki\onedrive\homework\simulator\release\simulator.pdb
c:\users\tomoki\onedrive\homework\simulator\release\simulator.exe
c:\users\tomoki\onedrive\homework\simulator\simulator\release\simulator.tlog\cl.command.1.tlog
c:\users\tomoki\onedrive\homework\simulator\simulator\release\simulator.tlog\cl.read.1.tlog
c:\users\tomoki\onedrive\homework\simulator\simulator\release\simulator.tlog\cl.write.1.tlog
c:\users\tomoki\onedrive\homework\simulator\simulator\release\simulator.tlog\link.command.1.tlog
c:\users\tomoki\onedrive\homework\simulator\simulator\release\simulator.tlog\link.read.1.tlog
c:\users\tomoki\onedrive\homework\simulator\simulator\release\simulator.tlog\link.write.1.tlog
c:\users\tomoki\onedrive\homework\simulator\simulator\release\simulator.tlog\simulator.write.1u.tlog
