e:\program\simulator\simulator\debug\vc141.pdb
e:\program\simulator\simulator\debug\vc141.idb
e:\program\simulator\simulator\debug\main.obj
e:\program\simulator\simulator\debug\testfuc.obj
e:\program\simulator\simulator\debug\routing.obj
e:\program\simulator\simulator\debug\q2dtorusnode.obj
e:\program\simulator\simulator\debug\q2dtorus.obj
e:\program\simulator\simulator\debug\event.obj
e:\program\simulator\simulator\debug\routing2.obj
e:\program\simulator\debug\simulator.exe
e:\program\simulator\debug\simulator.ilk
e:\program\simulator\debug\simulator.pdb
c:\users\tomoki\onedrive\homework\simulator\simulator\debug\event.obj
c:\users\tomoki\onedrive\homework\simulator\simulator\debug\main.obj
c:\users\tomoki\onedrive\homework\simulator\simulator\debug\q2dtorus.obj
c:\users\tomoki\onedrive\homework\simulator\simulator\debug\q2dtorusnode.obj
c:\users\tomoki\onedrive\homework\simulator\simulator\debug\routing.obj
c:\users\tomoki\onedrive\homework\simulator\simulator\debug\routing2.obj
c:\users\tomoki\onedrive\homework\simulator\simulator\debug\testfuc.obj
c:\users\tomoki\onedrive\homework\simulator\simulator\debug\vc141.idb
c:\users\tomoki\onedrive\homework\simulator\simulator\debug\vc141.pdb
c:\users\tomoki\onedrive\homework\simulator\debug\simulator.pdb
c:\users\tomoki\onedrive\homework\simulator\debug\simulator.exe
c:\users\tomoki\onedrive\homework\simulator\debug\simulator.ilk
c:\users\tomoki\onedrive\homework\simulator\simulator\debug\simulator.tlog\cl.command.1.tlog
c:\users\tomoki\onedrive\homework\simulator\simulator\debug\simulator.tlog\cl.read.1.tlog
c:\users\tomoki\onedrive\homework\simulator\simulator\debug\simulator.tlog\cl.write.1.tlog
c:\users\tomoki\onedrive\homework\simulator\simulator\debug\simulator.tlog\link.command.1.tlog
c:\users\tomoki\onedrive\homework\simulator\simulator\debug\simulator.tlog\link.read.1.tlog
c:\users\tomoki\onedrive\homework\simulator\simulator\debug\simulator.tlog\link.write.1.tlog
